2026-02-01T09:58:12Z INFO 200 /api/login 110ms
2026-02-01T09:58:13Z INFO 201 /api/register 220ms
2026-02-01T09:58:14Z WARN 301 /api/redirect 34ms
2026-02-01T09:58:15Z ERROR 500 /api/products 912ms
2026-02-01T09:58:16Z INFO 200 /api/cart 48ms
2026-02-01T09:58:17Z ERROR 403 /api/cart 305ms
2026-02-01T09:58:18Z INFO 200 /api/checkout 105ms
2026-02-01T09:58:19Z INFO 200 /health 5ms
SOME RANDOM TEXT NOT A LOG LINE
2026-02-01T10:00:00Z INFO 200 /api/login 115ms
2026-02-01T10:00:03Z ERROR 502 /api/login 600ms
2026-02-01T10:00:05Z INFO 200 /api/search 123ms
2026-02-01T10:00:06Z ERROR 404 /api/user 250ms
2026-02-01T10:00:08Z INFO 200 /api/user 130ms
2026-02-01T10:00:10Z WARN 302 /api/redirect 40ms
2026-02-01T10:00:11Z INFO 200 /api/products 85ms
2026-02-01T10:00:12Z ERROR 504 /api/products 920ms
2026-02-01T10:00:13Z INFO 200 /api/cart 55ms
2026-02-01T10:00:14Z ERROR 401 /api/checkout 310ms
2026-02-01T10:00:15Z INFO 200 /api/checkout 107ms
2026-02-01T10:01:00Z ERROR 503 /api/login 480ms
2026-02-01T10:01:03Z INFO 200 /api/search 125ms
2026-02-01T10:01:05Z ERROR 400 /api/search 200ms
2026-02-01T10:01:07Z WARN 301 /api/redirect 29ms
2026-02-01T10:01:08Z ERROR 500 /api/products 850ms
2026-02-01T10:01:10Z INFO 201 /api/user 145ms
2026-02-01T10:01:11Z INFO 200 /api/login 115ms
2026-02-01T10:01:13Z INFO 200 /api/cart 50ms
2026-02-01T10:01:14Z ERROR 502 /api/login 610ms
2026-02-01T10:01:15Z INFO 200 /health 6ms
2026-02-01T10:02:00Z INFO 200 /api/search 130ms
2026-02-01T10:02:02Z ERROR 404 /api/unknown 250ms
2026-02-01T10:02:04Z WARN 302 /api/redirect 42ms
2026-02-01T10:02:05Z INFO 200 /api/user 132ms
2026-02-01T10:02:06Z ERROR 500 /api/checkout 720ms
2026-02-01T10:02:07Z INFO 200 /api/products 95ms
2026-02-01T10:02:08Z INFO 200 /api/login 118ms
2026-02-01T10:02:09Z ERROR 418 /api/teapot 10ms
2026-02-01T10:02:10Z INFO 200 /api/cart 53ms
2026-02-01T10:02:11Z INFO 200 /health 7ms
2026-02-01T09:58:12Z INFO 200 /api/login 110ms
2026-02-01T09:58:13Z INFO 201 /api/register 220ms
2026-02-01T09:58:14Z WARN 301 /api/redirect 34ms
2026-02-01T09:58:15Z ERROR 500 /api/products 912ms
2026-02-01T09:58:16Z INFO 200 /api/cart 48ms
2026-02-01T09:58:17Z ERROR 403 /api/cart 305ms
2026-02-01T09:58:18Z INFO 200 /api/checkout 105ms
2026-02-01T09:58:19Z INFO 200 /health 5ms
SOME RANDOM TEXT NOT A LOG LINE
2026-02-01T10:00:00Z INFO 200 /api/login 115ms
2026-02-01T10:00:03Z ERROR 502 /api/login 600ms
2026-02-01T10:00:05Z INFO 200 /api/search 123ms
2026-02-01T10:00:06Z ERROR 404 /api/user 250ms
2026-02-01T10:00:08Z INFO 200 /api/user 130ms
2026-02-01T10:00:10Z WARN 302 /api/redirect 40ms
2026-02-01T10:00:11Z INFO 200 /api/products 85ms
2026-02-01T10:00:12Z ERROR 504 /api/products 920ms
2026-02-01T10:00:13Z INFO 200 /api/cart 55ms
2026-02-01T10:00:14Z ERROR 401 /api/checkout 310ms
2026-02-01T10:00:15Z INFO 200 /api/checkout 107ms
2026-02-01T10:01:00Z ERROR 503 /api/login 480ms
2026-02-01T10:01:03Z INFO 200 /api/search 125ms
2026-02-01T10:01:05Z ERROR 400 /api/search 200ms
2026-02-01T10:01:07Z WARN 301 /api/redirect 29ms
2026-02-01T10:01:08Z ERROR 500 /api/products 850ms
2026-02-01T10:01:10Z INFO 201 /api/user 145ms
2026-02-01T10:01:11Z INFO 200 /api/login 115ms
2026-02-01T10:01:13Z INFO 200 /api/cart 50ms
2026-02-01T10:01:14Z ERROR 502 /api/login 610ms
2026-02-01T10:01:15Z INFO 200 /health 6ms
2026-02-01T10:02:00Z INFO 200 /api/search 130ms
2026-02-01T10:02:02Z ERROR 404 /api/unknown 250ms
2026-02-01T10:02:04Z WARN 302 /api/redirect 42ms
2026-02-01T10:02:05Z INFO 200 /api/user 132ms
2026-02-01T10:02:06Z ERROR 500 /api/checkout 720ms
2026-02-01T10:02:07Z INFO 200 /api/products 95ms
2026-02-01T10:02:08Z INFO 200 /api/login 118ms
2026-02-01T10:02:09Z ERROR 418 /api/teapot 10ms
2026-02-01T10:02:10Z INFO 200 /api/cart 53ms
2026-02-01T10:02:11Z INFO 200 /health 7ms
2026-02-01T09:58:12Z INFO 200 /api/login 110ms
2026-02-01T09:58:13Z INFO 201 /api/register 220ms
2026-02-01T09:58:14Z WARN 301 /api/redirect 34ms
2026-02-01T09:58:15Z ERROR 500 /api/products 912ms
2026-02-01T09:58:16Z INFO 200 /api/cart 48ms
2026-02-01T09:58:17Z ERROR 403 /api/cart 305ms
2026-02-01T09:58:18Z INFO 200 /api/checkout 105ms
2026-02-01T09:58:19Z INFO 200 /health 5ms
SOME RANDOM TEXT NOT A LOG LINE
2026-02-01T10:00:00Z INFO 200 /api/login 115ms
2026-02-01T10:00:03Z ERROR 502 /api/login 600ms
2026-02-01T10:00:05Z INFO 200 /api/search 123ms
2026-02-01T10:00:06Z ERROR 404 /api/user 250ms
2026-02-01T10:00:08Z INFO 200 /api/user 130ms
2026-02-01T10:00:10Z WARN 302 /api/redirect 40ms
2026-02-01T10:00:11Z INFO 200 /api/products 85ms
2026-02-01T10:00:12Z ERROR 504 /api/products 920ms
2026-02-01T10:00:13Z INFO 200 /api/cart 55ms
2026-02-01T10:00:14Z ERROR 401 /api/checkout 310ms
2026-02-01T10:00:15Z INFO 200 /api/checkout 107ms
2026-02-01T10:01:00Z ERROR 503 /api/login 480ms
2026-02-01T10:01:03Z INFO 200 /api/search 125ms
2026-02-01T10:01:05Z ERROR 400 /api/search 200ms
2026-02-01T10:01:07Z WARN 301 /api/redirect 29ms
2026-02-01T10:01:08Z ERROR 500 /api/products 850ms
2026-02-01T10:01:10Z INFO 201 /api/user 145ms
2026-02-01T10:01:11Z INFO 200 /api/login 115ms
2026-02-01T10:01:13Z INFO 200 /api/cart 50ms
2026-02-01T10:01:14Z ERROR 502 /api/login 610ms
2026-02-01T10:01:15Z INFO 200 /health 6ms
2026-02-01T10:02:00Z INFO 200 /api/search 130ms
2026-02-01T10:02:02Z ERROR 404 /api/unknown 250ms
2026-02-01T10:02:04Z WARN 302 /api/redirect 42ms
2026-02-01T10:02:05Z INFO 200 /api/user 132ms
2026-02-01T10:02:06Z ERROR 500 /api/checkout 720ms
2026-02-01T10:02:07Z INFO 200 /api/products 95ms
2026-02-01T10:02:08Z INFO 200 /api/login 118ms
2026-02-01T10:02:09Z ERROR 418 /api/teapot 10ms
2026-02-01T10:02:10Z INFO 200 /api/cart 53ms
2026-02-01T10:02:11Z INFO 200 /health 7ms
